<?xml version="1.0" encoding="UTF-8"?>
<testng-results ignored="0" total="3" passed="3" failed="0" skipped="0">
  <reporter-output>
  </reporter-output>
  <suite started-at="2024-04-26T21:55:54 IST" name="Surefire suite" finished-at="2024-04-26T21:56:38 IST" duration-ms="44441">
    <groups>
    </groups>
    <test started-at="2024-04-26T21:55:54 IST" name="Surefire test" finished-at="2024-04-26T21:56:38 IST" duration-ms="44441">
      <class name="com.example.AppTest">
        <test-method is-config="true" signature="Initialization()[pri:0, instance:com.example.AppTest@37e547da]" started-at="2024-04-26T21:55:54 IST" name="Initialization" finished-at="2024-04-26T21:56:00 IST" duration-ms="6594" status="PASS">
          <reporter-output>
          </reporter-output>
        </test-method> <!-- Initialization -->
        <test-method signature="verifyChetan()[pri:1, instance:com.example.AppTest@37e547da]" started-at="2024-04-26T21:56:01 IST" name="verifyChetan" finished-at="2024-04-26T21:56:18 IST" duration-ms="17534" status="PASS">
          <reporter-output>
          </reporter-output>
        </test-method> <!-- verifyChetan -->
        <test-method signature="AudioBooks()[pri:2, instance:com.example.AppTest@37e547da]" started-at="2024-04-26T21:56:18 IST" name="AudioBooks" finished-at="2024-04-26T21:56:27 IST" duration-ms="9160" status="PASS">
          <reporter-output>
          </reporter-output>
        </test-method> <!-- AudioBooks -->
        <test-method signature="BandN()[pri:3, instance:com.example.AppTest@37e547da]" started-at="2024-04-26T21:56:27 IST" name="BandN" finished-at="2024-04-26T21:56:37 IST" duration-ms="10013" status="PASS">
          <reporter-output>
          </reporter-output>
        </test-method> <!-- BandN -->
        <test-method is-config="true" signature="AfterTest()[pri:0, instance:com.example.AppTest@37e547da]" started-at="2024-04-26T21:56:37 IST" name="AfterTest" finished-at="2024-04-26T21:56:38 IST" duration-ms="1068" status="PASS">
          <reporter-output>
          </reporter-output>
        </test-method> <!-- AfterTest -->
      </class> <!-- com.example.AppTest -->
    </test> <!-- Surefire test -->
  </suite> <!-- Surefire suite -->
</testng-results>
