<?xml version="1.0" encoding="UTF-8"?>
<!-- Generated by org.testng.reporters.JUnitXMLReporter -->
<testsuite ignored="0" hostname="DESKTOP-G5CFHVP" failures="0" tests="3" name="Surefire test" time="44.441" errors="0" timestamp="2024-04-26T21:56:38 IST">
  <testcase classname="com.example.AppTest" name="verifyChetan" time="17.534"/>
  <testcase classname="com.example.AppTest" name="AudioBooks" time="9.16"/>
  <testcase classname="com.example.AppTest" name="BandN" time="10.013"/>
</testsuite> <!-- Surefire test -->
